INFO - 2024-11-08 17:04:29 --> Session: Class initialized using 'CodeIgniter\Session\Handlers\DatabaseHandler' driver.
INFO - 2024-11-08 17:04:53 --> Session: Class initialized using 'CodeIgniter\Session\Handlers\DatabaseHandler' driver.
INFO - 2024-11-08 17:05:46 --> Session: Class initialized using 'CodeIgniter\Session\Handlers\DatabaseHandler' driver.
INFO - 2024-11-08 17:06:06 --> Session: Class initialized using 'CodeIgniter\Session\Handlers\DatabaseHandler' driver.
INFO - 2024-11-08 17:07:19 --> Session: Class initialized using 'CodeIgniter\Session\Handlers\DatabaseHandler' driver.
INFO - 2024-11-08 17:07:24 --> Session: Class initialized using 'CodeIgniter\Session\Handlers\DatabaseHandler' driver.
INFO - 2024-11-08 22:07:24 --> CSRF token verified.
INFO - 2024-11-08 17:07:30 --> Session: Class initialized using 'CodeIgniter\Session\Handlers\DatabaseHandler' driver.
INFO - 2024-11-08 17:07:33 --> Session: Class initialized using 'CodeIgniter\Session\Handlers\DatabaseHandler' driver.
INFO - 2024-11-08 17:07:37 --> Session: Class initialized using 'CodeIgniter\Session\Handlers\DatabaseHandler' driver.
INFO - 2024-11-08 17:07:44 --> Session: Class initialized using 'CodeIgniter\Session\Handlers\DatabaseHandler' driver.
INFO - 2024-11-08 17:07:52 --> Session: Class initialized using 'CodeIgniter\Session\Handlers\DatabaseHandler' driver.
INFO - 2024-11-08 22:07:52 --> CSRF token verified.
INFO - 2024-11-08 17:07:53 --> Session: Class initialized using 'CodeIgniter\Session\Handlers\DatabaseHandler' driver.
INFO - 2024-11-08 17:07:54 --> Session: Class initialized using 'CodeIgniter\Session\Handlers\DatabaseHandler' driver.
INFO - 2024-11-08 17:07:58 --> Session: Class initialized using 'CodeIgniter\Session\Handlers\DatabaseHandler' driver.
INFO - 2024-11-08 17:08:03 --> Session: Class initialized using 'CodeIgniter\Session\Handlers\DatabaseHandler' driver.
INFO - 2024-11-08 17:08:05 --> Session: Class initialized using 'CodeIgniter\Session\Handlers\DatabaseHandler' driver.
INFO - 2024-11-08 22:08:05 --> CSRF token verified.
INFO - 2024-11-08 17:08:06 --> Session: Class initialized using 'CodeIgniter\Session\Handlers\DatabaseHandler' driver.
INFO - 2024-11-08 17:08:07 --> Session: Class initialized using 'CodeIgniter\Session\Handlers\DatabaseHandler' driver.
INFO - 2024-11-08 17:08:29 --> Session: Class initialized using 'CodeIgniter\Session\Handlers\DatabaseHandler' driver.
INFO - 2024-11-08 22:08:29 --> CSRF token verified.
INFO - 2024-11-08 17:08:32 --> Session: Class initialized using 'CodeIgniter\Session\Handlers\DatabaseHandler' driver.
INFO - 2024-11-08 22:08:32 --> CSRF token verified.
INFO - 2024-11-08 17:08:32 --> Session: Class initialized using 'CodeIgniter\Session\Handlers\DatabaseHandler' driver.
INFO - 2024-11-08 17:08:34 --> Session: Class initialized using 'CodeIgniter\Session\Handlers\DatabaseHandler' driver.
INFO - 2024-11-08 17:08:36 --> Session: Class initialized using 'CodeIgniter\Session\Handlers\DatabaseHandler' driver.
INFO - 2024-11-08 22:08:36 --> CSRF token verified.
INFO - 2024-11-08 17:08:36 --> Session: Class initialized using 'CodeIgniter\Session\Handlers\DatabaseHandler' driver.
INFO - 2024-11-08 22:08:36 --> CSRF token verified.
INFO - 2024-11-08 17:08:38 --> Session: Class initialized using 'CodeIgniter\Session\Handlers\DatabaseHandler' driver.
INFO - 2024-11-08 17:08:41 --> Session: Class initialized using 'CodeIgniter\Session\Handlers\DatabaseHandler' driver.
INFO - 2024-11-08 22:08:41 --> CSRF token verified.
INFO - 2024-11-08 17:08:41 --> Session: Class initialized using 'CodeIgniter\Session\Handlers\DatabaseHandler' driver.
INFO - 2024-11-08 17:08:43 --> Session: Class initialized using 'CodeIgniter\Session\Handlers\DatabaseHandler' driver.
INFO - 2024-11-08 17:14:30 --> Session: Class initialized using 'CodeIgniter\Session\Handlers\DatabaseHandler' driver.
INFO - 2024-11-08 22:14:31 --> CSRF token verified.
INFO - 2024-11-08 17:18:39 --> Session: Class initialized using 'CodeIgniter\Session\Handlers\DatabaseHandler' driver.
INFO - 2024-11-08 17:18:45 --> Session: Class initialized using 'CodeIgniter\Session\Handlers\DatabaseHandler' driver.
INFO - 2024-11-08 17:18:48 --> Session: Class initialized using 'CodeIgniter\Session\Handlers\DatabaseHandler' driver.
INFO - 2024-11-08 17:18:51 --> Session: Class initialized using 'CodeIgniter\Session\Handlers\DatabaseHandler' driver.
INFO - 2024-11-08 22:18:51 --> CSRF token verified.
INFO - 2024-11-08 17:18:53 --> Session: Class initialized using 'CodeIgniter\Session\Handlers\DatabaseHandler' driver.
INFO - 2024-11-08 17:18:56 --> Session: Class initialized using 'CodeIgniter\Session\Handlers\DatabaseHandler' driver.
INFO - 2024-11-08 22:18:56 --> CSRF token verified.
INFO - 2024-11-08 17:18:59 --> Session: Class initialized using 'CodeIgniter\Session\Handlers\DatabaseHandler' driver.
INFO - 2024-11-08 17:18:59 --> Session: Class initialized using 'CodeIgniter\Session\Handlers\DatabaseHandler' driver.
INFO - 2024-11-08 22:18:59 --> CSRF token verified.
INFO - 2024-11-08 17:18:59 --> Session: Class initialized using 'CodeIgniter\Session\Handlers\DatabaseHandler' driver.
INFO - 2024-11-08 17:19:03 --> Session: Class initialized using 'CodeIgniter\Session\Handlers\DatabaseHandler' driver.
INFO - 2024-11-08 17:19:06 --> Session: Class initialized using 'CodeIgniter\Session\Handlers\DatabaseHandler' driver.
INFO - 2024-11-08 22:19:06 --> CSRF token verified.
INFO - 2024-11-08 17:19:08 --> Session: Class initialized using 'CodeIgniter\Session\Handlers\DatabaseHandler' driver.
INFO - 2024-11-08 17:19:09 --> Session: Class initialized using 'CodeIgniter\Session\Handlers\DatabaseHandler' driver.
INFO - 2024-11-08 17:19:23 --> Session: Class initialized using 'CodeIgniter\Session\Handlers\DatabaseHandler' driver.
INFO - 2024-11-08 22:19:23 --> CSRF token verified.
INFO - 2024-11-08 17:19:43 --> Session: Class initialized using 'CodeIgniter\Session\Handlers\DatabaseHandler' driver.
INFO - 2024-11-08 22:19:43 --> CSRF token verified.
INFO - 2024-11-08 17:19:45 --> Session: Class initialized using 'CodeIgniter\Session\Handlers\DatabaseHandler' driver.
INFO - 2024-11-08 22:19:45 --> CSRF token verified.
INFO - 2024-11-08 17:19:47 --> Session: Class initialized using 'CodeIgniter\Session\Handlers\DatabaseHandler' driver.
INFO - 2024-11-08 17:19:51 --> Session: Class initialized using 'CodeIgniter\Session\Handlers\DatabaseHandler' driver.
INFO - 2024-11-08 22:19:51 --> CSRF token verified.
INFO - 2024-11-08 17:19:53 --> Session: Class initialized using 'CodeIgniter\Session\Handlers\DatabaseHandler' driver.
INFO - 2024-11-08 17:19:54 --> Session: Class initialized using 'CodeIgniter\Session\Handlers\DatabaseHandler' driver.
INFO - 2024-11-08 17:19:55 --> Session: Class initialized using 'CodeIgniter\Session\Handlers\DatabaseHandler' driver.
INFO - 2024-11-08 17:19:58 --> Session: Class initialized using 'CodeIgniter\Session\Handlers\DatabaseHandler' driver.
INFO - 2024-11-08 17:20:01 --> Session: Class initialized using 'CodeIgniter\Session\Handlers\DatabaseHandler' driver.
INFO - 2024-11-08 22:20:01 --> CSRF token verified.
INFO - 2024-11-08 17:20:02 --> Session: Class initialized using 'CodeIgniter\Session\Handlers\DatabaseHandler' driver.
INFO - 2024-11-08 17:20:04 --> Session: Class initialized using 'CodeIgniter\Session\Handlers\DatabaseHandler' driver.
INFO - 2024-11-08 17:27:29 --> Session: Class initialized using 'CodeIgniter\Session\Handlers\DatabaseHandler' driver.
INFO - 2024-11-08 17:27:33 --> Session: Class initialized using 'CodeIgniter\Session\Handlers\DatabaseHandler' driver.
INFO - 2024-11-08 17:27:36 --> Session: Class initialized using 'CodeIgniter\Session\Handlers\DatabaseHandler' driver.
INFO - 2024-11-08 22:27:36 --> CSRF token verified.
INFO - 2024-11-08 17:27:37 --> Session: Class initialized using 'CodeIgniter\Session\Handlers\DatabaseHandler' driver.
INFO - 2024-11-08 17:27:39 --> Session: Class initialized using 'CodeIgniter\Session\Handlers\DatabaseHandler' driver.
INFO - 2024-11-08 17:27:58 --> Session: Class initialized using 'CodeIgniter\Session\Handlers\DatabaseHandler' driver.
INFO - 2024-11-08 17:28:05 --> Session: Class initialized using 'CodeIgniter\Session\Handlers\DatabaseHandler' driver.
INFO - 2024-11-08 22:28:05 --> CSRF token verified.
INFO - 2024-11-08 17:28:09 --> Session: Class initialized using 'CodeIgniter\Session\Handlers\DatabaseHandler' driver.
INFO - 2024-11-08 17:28:12 --> Session: Class initialized using 'CodeIgniter\Session\Handlers\DatabaseHandler' driver.
INFO - 2024-11-08 22:28:12 --> CSRF token verified.
INFO - 2024-11-08 17:28:35 --> Session: Class initialized using 'CodeIgniter\Session\Handlers\DatabaseHandler' driver.
INFO - 2024-11-08 17:28:37 --> Session: Class initialized using 'CodeIgniter\Session\Handlers\DatabaseHandler' driver.
INFO - 2024-11-08 22:28:37 --> CSRF token verified.
INFO - 2024-11-08 17:28:45 --> Session: Class initialized using 'CodeIgniter\Session\Handlers\DatabaseHandler' driver.
INFO - 2024-11-08 22:28:45 --> CSRF token verified.
INFO - 2024-11-08 17:28:46 --> Session: Class initialized using 'CodeIgniter\Session\Handlers\DatabaseHandler' driver.
INFO - 2024-11-08 17:28:47 --> Session: Class initialized using 'CodeIgniter\Session\Handlers\DatabaseHandler' driver.
INFO - 2024-11-08 22:28:47 --> CSRF token verified.
INFO - 2024-11-08 17:28:50 --> Session: Class initialized using 'CodeIgniter\Session\Handlers\DatabaseHandler' driver.
INFO - 2024-11-08 17:28:53 --> Session: Class initialized using 'CodeIgniter\Session\Handlers\DatabaseHandler' driver.
INFO - 2024-11-08 22:28:53 --> CSRF token verified.
INFO - 2024-11-08 17:29:09 --> Session: Class initialized using 'CodeIgniter\Session\Handlers\DatabaseHandler' driver.
INFO - 2024-11-08 22:29:09 --> CSRF token verified.
INFO - 2024-11-08 17:29:12 --> Session: Class initialized using 'CodeIgniter\Session\Handlers\DatabaseHandler' driver.
INFO - 2024-11-08 22:29:12 --> CSRF token verified.
INFO - 2024-11-08 17:29:28 --> Session: Class initialized using 'CodeIgniter\Session\Handlers\DatabaseHandler' driver.
INFO - 2024-11-08 22:29:28 --> CSRF token verified.
CRITICAL - 2024-11-08 22:29:28 --> Intervention\Image\Exception\NotSupportedException: GD Library extension not available with this PHP installation.
[Method: POST, Route: Category/addBrandPost]
in APPPATH\ThirdParty\intervention-image\vendor\intervention\image\src\Intervention\Image\Gd\Driver.php on line 19.
 1 APPPATH\ThirdParty\intervention-image\vendor\intervention\image\src\Intervention\Image\ImageManager.php(112): Intervention\Image\Gd\Driver->__construct()
 2 APPPATH\ThirdParty\intervention-image\vendor\intervention\image\src\Intervention\Image\ImageManager.php(54): Intervention\Image\ImageManager->createDriver()
 3 APPPATH\ThirdParty\intervention-image\vendor\intervention\image\src\Intervention\Image\ImageManagerStatic.php(58): Intervention\Image\ImageManager->make('uploads/temp/temp_672e4a7870bc11-01874288.jpg')
 4 APPPATH\Models\UploadModel.php(232): Intervention\Image\ImageManagerStatic::make('uploads/temp/temp_672e4a7870bc11-01874288.jpg')
 5 APPPATH\Models\CommonModel.php(914): App\Models\UploadModel->uploadBrand('uploads/temp/temp_672e4a7870bc11-01874288.jpg')
 6 APPPATH\Controllers\CategoryController.php(614): App\Models\CommonModel->addBrand()
 7 SYSTEMPATH\CodeIgniter.php(933): App\Controllers\CategoryController->addBrandPost()
 8 SYSTEMPATH\CodeIgniter.php(509): CodeIgniter\CodeIgniter->runController(Object(App\Controllers\CategoryController))
 9 SYSTEMPATH\CodeIgniter.php(355): CodeIgniter\CodeIgniter->handleRequest(null, Object(Config\Cache), false)
10 SYSTEMPATH\Boot.php(325): CodeIgniter\CodeIgniter->run()
11 SYSTEMPATH\Boot.php(67): CodeIgniter\Boot::runCodeIgniter(Object(CodeIgniter\CodeIgniter))
12 FCPATH\index.php(56): CodeIgniter\Boot::bootWeb(Object(Config\Paths))
CRITICAL - 2024-11-08 22:29:29 --> ErrorException: Uncaught Error: Class "Locale" not found in C:\xampp\htdocs\hublancer\system\Helpers\number_helper.php:140
Stack trace:
#0 C:\xampp\htdocs\hublancer\system\Helpers\number_helper.php(58): format_number(14.0, 2, NULL, Array)
#1 C:\xampp\htdocs\hublancer\system\Debug\BaseExceptionHandler.php(154): number_to_size(14.0, 2)
#2 C:\xampp\htdocs\hublancer\app\Views\errors\html\error_exception.php(365): CodeIgniter\Debug\BaseExceptionHandler::describeMemory(14680064)
#3 C:\xampp\htdocs\hublancer\system\Debug\BaseExceptionHandler.php(266): include('C:\\xampp\\htdocs...')
#4 C:\xampp\htdocs\hublancer\system\Debug\BaseExceptionHandler.php(269): CodeIgniter\Debug\BaseExceptionHandler->CodeIgniter\Debug\{closure}()
#5 C:\xampp\htdocs\hublancer\system\Debug\ExceptionHandler.php(114): CodeIgniter\Debug\BaseExceptionHandler->render(Object(Intervention\Image\Exception\NotSupportedException), 500, 'C:\\xampp\\htdocs...')
#6 C:\xampp\htdocs\hublancer\system\Debug\Exceptions.php(164): CodeIgniter\Debug\ExceptionHandler->handle(Object(Intervention\Image\Exception\NotSupportedException), Object(CodeIgniter\HTTP\IncomingRequest), Object(CodeIgniter\HTTP\Response), 500, 1)
#7 [internal function]: CodeIgniter\Debug\Exceptions->exceptionHandler(Object(Intervention\Image\Exception\NotSupportedException))
#8 {main}
  thrown
【Previous Exception】
Intervention\Image\Exception\NotSupportedException
GD Library extension not available with this PHP installation.
#0 C:\xampp\htdocs\hublancer\app\ThirdParty\intervention-image\vendor\intervention\image\src\Intervention\Image\ImageManager.php(112): Intervention\Image\Gd\Driver->__construct()
#1 C:\xampp\htdocs\hublancer\app\ThirdParty\intervention-image\vendor\intervention\image\src\Intervention\Image\ImageManager.php(54): Intervention\Image\ImageManager->createDriver()
#2 C:\xampp\htdocs\hublancer\app\ThirdParty\intervention-image\vendor\intervention\image\src\Intervention\Image\ImageManagerStatic.php(58): Intervention\Image\ImageManager->make('uploads/temp/te...')
#3 C:\xampp\htdocs\hublancer\app\Models\UploadModel.php(232): Intervention\Image\ImageManagerStatic::make('uploads/temp/te...')
#4 C:\xampp\htdocs\hublancer\app\Models\CommonModel.php(914): App\Models\UploadModel->uploadBrand('uploads/temp/te...')
#5 C:\xampp\htdocs\hublancer\app\Controllers\CategoryController.php(614): App\Models\CommonModel->addBrand()
#6 C:\xampp\htdocs\hublancer\system\CodeIgniter.php(933): App\Controllers\CategoryController->addBrandPost()
#7 C:\xampp\htdocs\hublancer\system\CodeIgniter.php(509): CodeIgniter\CodeIgniter->runController(Object(App\Controllers\CategoryController))
#8 C:\xampp\htdocs\hublancer\system\CodeIgniter.php(355): CodeIgniter\CodeIgniter->handleRequest(NULL, Object(Config\Cache), false)
#9 C:\xampp\htdocs\hublancer\system\Boot.php(325): CodeIgniter\CodeIgniter->run()
#10 C:\xampp\htdocs\hublancer\system\Boot.php(67): CodeIgniter\Boot::runCodeIgniter(Object(CodeIgniter\CodeIgniter))
#11 C:\xampp\htdocs\hublancer\index.php(56): CodeIgniter\Boot::bootWeb(Object(Config\Paths))
#12 {main}
[Method: POST, Route: Category/addBrandPost]
in SYSTEMPATH\Helpers\number_helper.php on line 140.
 1 [internal function]: CodeIgniter\Debug\Exceptions->shutdownHandler()
INFO - 2024-11-08 17:29:44 --> Session: Class initialized using 'CodeIgniter\Session\Handlers\DatabaseHandler' driver.
INFO - 2024-11-08 22:29:44 --> CSRF token verified.
CRITICAL - 2024-11-08 22:29:44 --> Intervention\Image\Exception\NotSupportedException: GD Library extension not available with this PHP installation.
[Method: POST, Route: Category/addBrandPost]
in APPPATH\ThirdParty\intervention-image\vendor\intervention\image\src\Intervention\Image\Gd\Driver.php on line 19.
 1 APPPATH\ThirdParty\intervention-image\vendor\intervention\image\src\Intervention\Image\ImageManager.php(112): Intervention\Image\Gd\Driver->__construct()
 2 APPPATH\ThirdParty\intervention-image\vendor\intervention\image\src\Intervention\Image\ImageManager.php(54): Intervention\Image\ImageManager->createDriver()
 3 APPPATH\ThirdParty\intervention-image\vendor\intervention\image\src\Intervention\Image\ImageManagerStatic.php(58): Intervention\Image\ImageManager->make('uploads/temp/temp_672e4a88bff459-33104633.jpg')
 4 APPPATH\Models\UploadModel.php(232): Intervention\Image\ImageManagerStatic::make('uploads/temp/temp_672e4a88bff459-33104633.jpg')
 5 APPPATH\Models\CommonModel.php(914): App\Models\UploadModel->uploadBrand('uploads/temp/temp_672e4a88bff459-33104633.jpg')
 6 APPPATH\Controllers\CategoryController.php(614): App\Models\CommonModel->addBrand()
 7 SYSTEMPATH\CodeIgniter.php(933): App\Controllers\CategoryController->addBrandPost()
 8 SYSTEMPATH\CodeIgniter.php(509): CodeIgniter\CodeIgniter->runController(Object(App\Controllers\CategoryController))
 9 SYSTEMPATH\CodeIgniter.php(355): CodeIgniter\CodeIgniter->handleRequest(null, Object(Config\Cache), false)
10 SYSTEMPATH\Boot.php(325): CodeIgniter\CodeIgniter->run()
11 SYSTEMPATH\Boot.php(67): CodeIgniter\Boot::runCodeIgniter(Object(CodeIgniter\CodeIgniter))
12 FCPATH\index.php(56): CodeIgniter\Boot::bootWeb(Object(Config\Paths))
CRITICAL - 2024-11-08 22:29:45 --> ErrorException: Uncaught Error: Class "Locale" not found in C:\xampp\htdocs\hublancer\system\Helpers\number_helper.php:140
Stack trace:
#0 C:\xampp\htdocs\hublancer\system\Helpers\number_helper.php(58): format_number(14.0, 2, NULL, Array)
#1 C:\xampp\htdocs\hublancer\system\Debug\BaseExceptionHandler.php(154): number_to_size(14.0, 2)
#2 C:\xampp\htdocs\hublancer\app\Views\errors\html\error_exception.php(365): CodeIgniter\Debug\BaseExceptionHandler::describeMemory(14680064)
#3 C:\xampp\htdocs\hublancer\system\Debug\BaseExceptionHandler.php(266): include('C:\\xampp\\htdocs...')
#4 C:\xampp\htdocs\hublancer\system\Debug\BaseExceptionHandler.php(269): CodeIgniter\Debug\BaseExceptionHandler->CodeIgniter\Debug\{closure}()
#5 C:\xampp\htdocs\hublancer\system\Debug\ExceptionHandler.php(114): CodeIgniter\Debug\BaseExceptionHandler->render(Object(Intervention\Image\Exception\NotSupportedException), 500, 'C:\\xampp\\htdocs...')
#6 C:\xampp\htdocs\hublancer\system\Debug\Exceptions.php(164): CodeIgniter\Debug\ExceptionHandler->handle(Object(Intervention\Image\Exception\NotSupportedException), Object(CodeIgniter\HTTP\IncomingRequest), Object(CodeIgniter\HTTP\Response), 500, 1)
#7 [internal function]: CodeIgniter\Debug\Exceptions->exceptionHandler(Object(Intervention\Image\Exception\NotSupportedException))
#8 {main}
  thrown
【Previous Exception】
Intervention\Image\Exception\NotSupportedException
GD Library extension not available with this PHP installation.
#0 C:\xampp\htdocs\hublancer\app\ThirdParty\intervention-image\vendor\intervention\image\src\Intervention\Image\ImageManager.php(112): Intervention\Image\Gd\Driver->__construct()
#1 C:\xampp\htdocs\hublancer\app\ThirdParty\intervention-image\vendor\intervention\image\src\Intervention\Image\ImageManager.php(54): Intervention\Image\ImageManager->createDriver()
#2 C:\xampp\htdocs\hublancer\app\ThirdParty\intervention-image\vendor\intervention\image\src\Intervention\Image\ImageManagerStatic.php(58): Intervention\Image\ImageManager->make('uploads/temp/te...')
#3 C:\xampp\htdocs\hublancer\app\Models\UploadModel.php(232): Intervention\Image\ImageManagerStatic::make('uploads/temp/te...')
#4 C:\xampp\htdocs\hublancer\app\Models\CommonModel.php(914): App\Models\UploadModel->uploadBrand('uploads/temp/te...')
#5 C:\xampp\htdocs\hublancer\app\Controllers\CategoryController.php(614): App\Models\CommonModel->addBrand()
#6 C:\xampp\htdocs\hublancer\system\CodeIgniter.php(933): App\Controllers\CategoryController->addBrandPost()
#7 C:\xampp\htdocs\hublancer\system\CodeIgniter.php(509): CodeIgniter\CodeIgniter->runController(Object(App\Controllers\CategoryController))
#8 C:\xampp\htdocs\hublancer\system\CodeIgniter.php(355): CodeIgniter\CodeIgniter->handleRequest(NULL, Object(Config\Cache), false)
#9 C:\xampp\htdocs\hublancer\system\Boot.php(325): CodeIgniter\CodeIgniter->run()
#10 C:\xampp\htdocs\hublancer\system\Boot.php(67): CodeIgniter\Boot::runCodeIgniter(Object(CodeIgniter\CodeIgniter))
#11 C:\xampp\htdocs\hublancer\index.php(56): CodeIgniter\Boot::bootWeb(Object(Config\Paths))
#12 {main}
[Method: POST, Route: Category/addBrandPost]
in SYSTEMPATH\Helpers\number_helper.php on line 140.
 1 [internal function]: CodeIgniter\Debug\Exceptions->shutdownHandler()
INFO - 2024-11-08 17:29:47 --> Session: Class initialized using 'CodeIgniter\Session\Handlers\DatabaseHandler' driver.
INFO - 2024-11-08 17:29:49 --> Session: Class initialized using 'CodeIgniter\Session\Handlers\DatabaseHandler' driver.
INFO - 2024-11-08 22:29:49 --> CSRF token verified.
INFO - 2024-11-08 17:29:53 --> Session: Class initialized using 'CodeIgniter\Session\Handlers\DatabaseHandler' driver.
INFO - 2024-11-08 17:29:54 --> Session: Class initialized using 'CodeIgniter\Session\Handlers\DatabaseHandler' driver.
INFO - 2024-11-08 22:29:54 --> CSRF token verified.
INFO - 2024-11-08 17:29:59 --> Session: Class initialized using 'CodeIgniter\Session\Handlers\DatabaseHandler' driver.
INFO - 2024-11-08 17:30:01 --> Session: Class initialized using 'CodeIgniter\Session\Handlers\DatabaseHandler' driver.
INFO - 2024-11-08 22:30:01 --> CSRF token verified.
INFO - 2024-11-08 17:30:04 --> Session: Class initialized using 'CodeIgniter\Session\Handlers\DatabaseHandler' driver.
INFO - 2024-11-08 22:30:04 --> CSRF token verified.
INFO - 2024-11-08 17:30:13 --> Session: Class initialized using 'CodeIgniter\Session\Handlers\DatabaseHandler' driver.
INFO - 2024-11-08 22:30:13 --> CSRF token verified.
INFO - 2024-11-08 17:30:14 --> Session: Class initialized using 'CodeIgniter\Session\Handlers\DatabaseHandler' driver.
INFO - 2024-11-08 17:30:15 --> Session: Class initialized using 'CodeIgniter\Session\Handlers\DatabaseHandler' driver.
INFO - 2024-11-08 22:30:15 --> CSRF token verified.
INFO - 2024-11-08 17:30:24 --> Session: Class initialized using 'CodeIgniter\Session\Handlers\DatabaseHandler' driver.
INFO - 2024-11-08 22:30:24 --> CSRF token verified.
INFO - 2024-11-08 17:30:29 --> Session: Class initialized using 'CodeIgniter\Session\Handlers\DatabaseHandler' driver.
INFO - 2024-11-08 22:30:29 --> CSRF token verified.
INFO - 2024-11-08 17:30:32 --> Session: Class initialized using 'CodeIgniter\Session\Handlers\DatabaseHandler' driver.
INFO - 2024-11-08 22:30:32 --> CSRF token verified.
INFO - 2024-11-08 17:30:33 --> Session: Class initialized using 'CodeIgniter\Session\Handlers\DatabaseHandler' driver.
INFO - 2024-11-08 17:30:35 --> Session: Class initialized using 'CodeIgniter\Session\Handlers\DatabaseHandler' driver.
INFO - 2024-11-08 22:30:35 --> CSRF token verified.
INFO - 2024-11-08 17:30:45 --> Session: Class initialized using 'CodeIgniter\Session\Handlers\DatabaseHandler' driver.
INFO - 2024-11-08 22:30:45 --> CSRF token verified.
INFO - 2024-11-08 17:30:47 --> Session: Class initialized using 'CodeIgniter\Session\Handlers\DatabaseHandler' driver.
INFO - 2024-11-08 22:30:48 --> CSRF token verified.
INFO - 2024-11-08 17:30:53 --> Session: Class initialized using 'CodeIgniter\Session\Handlers\DatabaseHandler' driver.
INFO - 2024-11-08 22:30:53 --> CSRF token verified.
INFO - 2024-11-08 17:30:54 --> Session: Class initialized using 'CodeIgniter\Session\Handlers\DatabaseHandler' driver.
INFO - 2024-11-08 17:30:56 --> Session: Class initialized using 'CodeIgniter\Session\Handlers\DatabaseHandler' driver.
INFO - 2024-11-08 22:30:56 --> CSRF token verified.
INFO - 2024-11-08 17:31:05 --> Session: Class initialized using 'CodeIgniter\Session\Handlers\DatabaseHandler' driver.
INFO - 2024-11-08 22:31:05 --> CSRF token verified.
INFO - 2024-11-08 17:31:07 --> Session: Class initialized using 'CodeIgniter\Session\Handlers\DatabaseHandler' driver.
INFO - 2024-11-08 22:31:07 --> CSRF token verified.
INFO - 2024-11-08 17:31:11 --> Session: Class initialized using 'CodeIgniter\Session\Handlers\DatabaseHandler' driver.
INFO - 2024-11-08 22:31:11 --> CSRF token verified.
INFO - 2024-11-08 17:31:12 --> Session: Class initialized using 'CodeIgniter\Session\Handlers\DatabaseHandler' driver.
INFO - 2024-11-08 17:31:14 --> Session: Class initialized using 'CodeIgniter\Session\Handlers\DatabaseHandler' driver.
INFO - 2024-11-08 22:31:14 --> CSRF token verified.
INFO - 2024-11-08 17:31:36 --> Session: Class initialized using 'CodeIgniter\Session\Handlers\DatabaseHandler' driver.
INFO - 2024-11-08 17:31:39 --> Session: Class initialized using 'CodeIgniter\Session\Handlers\DatabaseHandler' driver.
INFO - 2024-11-08 17:31:42 --> Session: Class initialized using 'CodeIgniter\Session\Handlers\DatabaseHandler' driver.
INFO - 2024-11-08 22:31:42 --> CSRF token verified.
INFO - 2024-11-08 17:31:44 --> Session: Class initialized using 'CodeIgniter\Session\Handlers\DatabaseHandler' driver.
INFO - 2024-11-08 17:31:45 --> Session: Class initialized using 'CodeIgniter\Session\Handlers\DatabaseHandler' driver.
INFO - 2024-11-08 17:35:16 --> Session: Class initialized using 'CodeIgniter\Session\Handlers\DatabaseHandler' driver.
INFO - 2024-11-08 17:35:20 --> Session: Class initialized using 'CodeIgniter\Session\Handlers\DatabaseHandler' driver.
INFO - 2024-11-08 22:35:20 --> CSRF token verified.
INFO - 2024-11-08 17:35:23 --> Session: Class initialized using 'CodeIgniter\Session\Handlers\DatabaseHandler' driver.
INFO - 2024-11-08 17:35:23 --> Session: Class initialized using 'CodeIgniter\Session\Handlers\DatabaseHandler' driver.
INFO - 2024-11-08 17:35:26 --> Session: Class initialized using 'CodeIgniter\Session\Handlers\DatabaseHandler' driver.
INFO - 2024-11-08 17:35:31 --> Session: Class initialized using 'CodeIgniter\Session\Handlers\DatabaseHandler' driver.
INFO - 2024-11-08 17:37:13 --> Session: Class initialized using 'CodeIgniter\Session\Handlers\DatabaseHandler' driver.
CRITICAL - 2024-11-08 22:37:14 --> ParseError: syntax error, unexpected token "<"
[Method: GET, Route: /]
in APPPATH\Views\product\_index_category_products.php on line 69.
 1 SYSTEMPATH\View\View.php(237): CodeIgniter\View\View->CodeIgniter\View\{closure}()
 2 SYSTEMPATH\Common.php(1169): CodeIgniter\View\View->render('product/_index_category_products', [], true)
 3 APPPATH\Views\index.php(43): view('product/_index_category_products', [...])
 4 SYSTEMPATH\View\View.php(234): include('C:\\xampp\\htdocs\\hublancer\\app\\Views\\index.php')
 5 SYSTEMPATH\View\View.php(237): CodeIgniter\View\View->CodeIgniter\View\{closure}()
 6 SYSTEMPATH\Common.php(1169): CodeIgniter\View\View->render('index', [], true)
 7 APPPATH\Controllers\HomeController.php(60): view('index', [...])
 8 SYSTEMPATH\CodeIgniter.php(933): App\Controllers\HomeController->index()
 9 SYSTEMPATH\CodeIgniter.php(509): CodeIgniter\CodeIgniter->runController(Object(App\Controllers\HomeController))
10 SYSTEMPATH\CodeIgniter.php(355): CodeIgniter\CodeIgniter->handleRequest(null, Object(Config\Cache), false)
11 SYSTEMPATH\Boot.php(325): CodeIgniter\CodeIgniter->run()
12 SYSTEMPATH\Boot.php(67): CodeIgniter\Boot::runCodeIgniter(Object(CodeIgniter\CodeIgniter))
13 FCPATH\index.php(56): CodeIgniter\Boot::bootWeb(Object(Config\Paths))
CRITICAL - 2024-11-08 22:37:14 --> ErrorException: Uncaught Error: Class "Locale" not found in C:\xampp\htdocs\hublancer\system\Helpers\number_helper.php:140
Stack trace:
#0 C:\xampp\htdocs\hublancer\system\Helpers\number_helper.php(58): format_number(20.0, 2, NULL, Array)
#1 C:\xampp\htdocs\hublancer\system\Debug\BaseExceptionHandler.php(154): number_to_size(20.0, 2)
#2 C:\xampp\htdocs\hublancer\app\Views\errors\html\error_exception.php(365): CodeIgniter\Debug\BaseExceptionHandler::describeMemory(20971520)
#3 C:\xampp\htdocs\hublancer\system\Debug\BaseExceptionHandler.php(266): include('C:\\xampp\\htdocs...')
#4 C:\xampp\htdocs\hublancer\system\Debug\BaseExceptionHandler.php(269): CodeIgniter\Debug\BaseExceptionHandler->CodeIgniter\Debug\{closure}()
#5 C:\xampp\htdocs\hublancer\system\Debug\ExceptionHandler.php(114): CodeIgniter\Debug\BaseExceptionHandler->render(Object(ParseError), 500, 'C:\\xampp\\htdocs...')
#6 C:\xampp\htdocs\hublancer\system\Debug\Exceptions.php(164): CodeIgniter\Debug\ExceptionHandler->handle(Object(ParseError), Object(CodeIgniter\HTTP\IncomingRequest), Object(CodeIgniter\HTTP\Response), 500, 1)
#7 [internal function]: CodeIgniter\Debug\Exceptions->exceptionHandler(Object(ParseError))
#8 {main}
  thrown
【Previous Exception】
ParseError
syntax error, unexpected token "<"
#0 C:\xampp\htdocs\hublancer\system\View\View.php(237): CodeIgniter\View\View->CodeIgniter\View\{closure}()
#1 C:\xampp\htdocs\hublancer\system\Common.php(1169): CodeIgniter\View\View->render('product/_index_...', Array, true)
#2 C:\xampp\htdocs\hublancer\app\Views\index.php(43): view('product/_index_...', Array)
#3 C:\xampp\htdocs\hublancer\system\View\View.php(234): include('C:\\xampp\\htdocs...')
#4 C:\xampp\htdocs\hublancer\system\View\View.php(237): CodeIgniter\View\View->CodeIgniter\View\{closure}()
#5 C:\xampp\htdocs\hublancer\system\Common.php(1169): CodeIgniter\View\View->render('index', Array, true)
#6 C:\xampp\htdocs\hublancer\app\Controllers\HomeController.php(60): view('index', Array)
#7 C:\xampp\htdocs\hublancer\system\CodeIgniter.php(933): App\Controllers\HomeController->index()
#8 C:\xampp\htdocs\hublancer\system\CodeIgniter.php(509): CodeIgniter\CodeIgniter->runController(Object(App\Controllers\HomeController))
#9 C:\xampp\htdocs\hublancer\system\CodeIgniter.php(355): CodeIgniter\CodeIgniter->handleRequest(NULL, Object(Config\Cache), false)
#10 C:\xampp\htdocs\hublancer\system\Boot.php(325): CodeIgniter\CodeIgniter->run()
#11 C:\xampp\htdocs\hublancer\system\Boot.php(67): CodeIgniter\Boot::runCodeIgniter(Object(CodeIgniter\CodeIgniter))
#12 C:\xampp\htdocs\hublancer\index.php(56): CodeIgniter\Boot::bootWeb(Object(Config\Paths))
#13 {main}
[Method: GET, Route: /]
in SYSTEMPATH\Helpers\number_helper.php on line 140.
 1 [internal function]: CodeIgniter\Debug\Exceptions->shutdownHandler()
INFO - 2024-11-08 17:37:33 --> Session: Class initialized using 'CodeIgniter\Session\Handlers\DatabaseHandler' driver.
INFO - 2024-11-08 17:37:37 --> Session: Class initialized using 'CodeIgniter\Session\Handlers\DatabaseHandler' driver.
INFO - 2024-11-08 22:37:37 --> CSRF token verified.
INFO - 2024-11-08 17:37:39 --> Session: Class initialized using 'CodeIgniter\Session\Handlers\DatabaseHandler' driver.
INFO - 2024-11-08 17:37:40 --> Session: Class initialized using 'CodeIgniter\Session\Handlers\DatabaseHandler' driver.
INFO - 2024-11-08 17:37:40 --> Session: Class initialized using 'CodeIgniter\Session\Handlers\DatabaseHandler' driver.
INFO - 2024-11-08 17:37:43 --> Session: Class initialized using 'CodeIgniter\Session\Handlers\DatabaseHandler' driver.
INFO - 2024-11-08 22:37:43 --> CSRF token verified.
INFO - 2024-11-08 17:38:02 --> Session: Class initialized using 'CodeIgniter\Session\Handlers\DatabaseHandler' driver.
INFO - 2024-11-08 22:38:02 --> CSRF token verified.
INFO - 2024-11-08 17:38:04 --> Session: Class initialized using 'CodeIgniter\Session\Handlers\DatabaseHandler' driver.
INFO - 2024-11-08 17:38:07 --> Session: Class initialized using 'CodeIgniter\Session\Handlers\DatabaseHandler' driver.
INFO - 2024-11-08 17:38:09 --> Session: Class initialized using 'CodeIgniter\Session\Handlers\DatabaseHandler' driver.
INFO - 2024-11-08 22:38:09 --> CSRF token verified.
INFO - 2024-11-08 17:38:11 --> Session: Class initialized using 'CodeIgniter\Session\Handlers\DatabaseHandler' driver.
INFO - 2024-11-08 17:38:12 --> Session: Class initialized using 'CodeIgniter\Session\Handlers\DatabaseHandler' driver.
INFO - 2024-11-08 17:58:57 --> Session: Class initialized using 'CodeIgniter\Session\Handlers\DatabaseHandler' driver.
INFO - 2024-11-08 17:59:01 --> Session: Class initialized using 'CodeIgniter\Session\Handlers\DatabaseHandler' driver.
INFO - 2024-11-08 17:59:01 --> Session: Class initialized using 'CodeIgniter\Session\Handlers\DatabaseHandler' driver.
INFO - 2024-11-08 17:59:04 --> Session: Class initialized using 'CodeIgniter\Session\Handlers\DatabaseHandler' driver.
INFO - 2024-11-08 22:59:04 --> CSRF token verified.
INFO - 2024-11-08 17:59:07 --> Session: Class initialized using 'CodeIgniter\Session\Handlers\DatabaseHandler' driver.
INFO - 2024-11-08 17:59:07 --> Session: Class initialized using 'CodeIgniter\Session\Handlers\DatabaseHandler' driver.
INFO - 2024-11-08 18:15:14 --> Session: Class initialized using 'CodeIgniter\Session\Handlers\DatabaseHandler' driver.
INFO - 2024-11-08 18:15:18 --> Session: Class initialized using 'CodeIgniter\Session\Handlers\DatabaseHandler' driver.
INFO - 2024-11-08 18:15:21 --> Session: Class initialized using 'CodeIgniter\Session\Handlers\DatabaseHandler' driver.
INFO - 2024-11-08 23:15:21 --> CSRF token verified.
INFO - 2024-11-08 18:15:21 --> Session: Class initialized using 'CodeIgniter\Session\Handlers\DatabaseHandler' driver.
INFO - 2024-11-08 18:15:23 --> Session: Class initialized using 'CodeIgniter\Session\Handlers\DatabaseHandler' driver.
INFO - 2024-11-08 23:15:23 --> CSRF token verified.
INFO - 2024-11-08 18:15:25 --> Session: Class initialized using 'CodeIgniter\Session\Handlers\DatabaseHandler' driver.
INFO - 2024-11-08 18:15:27 --> Session: Class initialized using 'CodeIgniter\Session\Handlers\DatabaseHandler' driver.
INFO - 2024-11-08 23:15:27 --> CSRF token verified.
INFO - 2024-11-08 18:15:29 --> Session: Class initialized using 'CodeIgniter\Session\Handlers\DatabaseHandler' driver.
INFO - 2024-11-08 18:15:39 --> Session: Class initialized using 'CodeIgniter\Session\Handlers\DatabaseHandler' driver.
INFO - 2024-11-08 18:15:42 --> Session: Class initialized using 'CodeIgniter\Session\Handlers\DatabaseHandler' driver.
INFO - 2024-11-08 23:15:42 --> CSRF token verified.
INFO - 2024-11-08 18:15:42 --> Session: Class initialized using 'CodeIgniter\Session\Handlers\DatabaseHandler' driver.
INFO - 2024-11-08 18:15:44 --> Session: Class initialized using 'CodeIgniter\Session\Handlers\DatabaseHandler' driver.
INFO - 2024-11-08 18:16:01 --> Session: Class initialized using 'CodeIgniter\Session\Handlers\DatabaseHandler' driver.
INFO - 2024-11-08 23:16:01 --> CSRF token verified.
INFO - 2024-11-08 18:16:08 --> Session: Class initialized using 'CodeIgniter\Session\Handlers\DatabaseHandler' driver.
INFO - 2024-11-08 23:16:08 --> CSRF token verified.
INFO - 2024-11-08 18:16:13 --> Session: Class initialized using 'CodeIgniter\Session\Handlers\DatabaseHandler' driver.
INFO - 2024-11-08 23:16:13 --> CSRF token verified.
INFO - 2024-11-08 18:16:15 --> Session: Class initialized using 'CodeIgniter\Session\Handlers\DatabaseHandler' driver.
INFO - 2024-11-08 18:16:18 --> Session: Class initialized using 'CodeIgniter\Session\Handlers\DatabaseHandler' driver.
INFO - 2024-11-08 18:16:21 --> Session: Class initialized using 'CodeIgniter\Session\Handlers\DatabaseHandler' driver.
INFO - 2024-11-08 23:16:21 --> CSRF token verified.
INFO - 2024-11-08 18:16:22 --> Session: Class initialized using 'CodeIgniter\Session\Handlers\DatabaseHandler' driver.
INFO - 2024-11-08 18:16:23 --> Session: Class initialized using 'CodeIgniter\Session\Handlers\DatabaseHandler' driver.
INFO - 2024-11-08 23:16:23 --> CSRF token verified.
INFO - 2024-11-08 18:16:25 --> Session: Class initialized using 'CodeIgniter\Session\Handlers\DatabaseHandler' driver.
INFO - 2024-11-08 18:16:27 --> Session: Class initialized using 'CodeIgniter\Session\Handlers\DatabaseHandler' driver.
INFO - 2024-11-08 23:16:27 --> CSRF token verified.
INFO - 2024-11-08 18:16:29 --> Session: Class initialized using 'CodeIgniter\Session\Handlers\DatabaseHandler' driver.
INFO - 2024-11-08 18:16:33 --> Session: Class initialized using 'CodeIgniter\Session\Handlers\DatabaseHandler' driver.
INFO - 2024-11-08 18:16:36 --> Session: Class initialized using 'CodeIgniter\Session\Handlers\DatabaseHandler' driver.
INFO - 2024-11-08 23:16:36 --> CSRF token verified.
INFO - 2024-11-08 18:16:37 --> Session: Class initialized using 'CodeIgniter\Session\Handlers\DatabaseHandler' driver.
INFO - 2024-11-08 18:16:38 --> Session: Class initialized using 'CodeIgniter\Session\Handlers\DatabaseHandler' driver.
